  [1m[35m (2.3ms)[0m  [1m[34mSELECT sqlite_version(*)[0m
  [1m[35m (64.1ms)[0m  [1m[35mCREATE TABLE "schema_migrations" ("version" varchar NOT NULL PRIMARY KEY)[0m
  [1m[35m (6.7ms)[0m  [1m[35mCREATE TABLE "ar_internal_metadata" ("key" varchar NOT NULL PRIMARY KEY, "value" varchar, "created_at" datetime(6) NOT NULL, "updated_at" datetime(6) NOT NULL)[0m
  [1m[35m (0.3ms)[0m  [1m[34mSELECT "schema_migrations"."version" FROM "schema_migrations" ORDER BY "schema_migrations"."version" ASC[0m
Migrating to CreateUsers (20210909082038)
  [1m[36mTRANSACTION (0.1ms)[0m  [1m[36mbegin transaction[0m
  [1m[35m (2.6ms)[0m  [1m[35mCREATE TABLE "users" ("id" integer PRIMARY KEY AUTOINCREMENT NOT NULL, "email" varchar, "name" varchar, "created_at" datetime(6) NOT NULL, "updated_at" datetime(6) NOT NULL)[0m
  [1m[36mActiveRecord::SchemaMigration Create (2.0ms)[0m  [1m[32mINSERT INTO "schema_migrations" ("version") VALUES (?)[0m  [["version", "20210909082038"]]
  [1m[36mTRANSACTION (161.2ms)[0m  [1m[36mcommit transaction[0m
  [1m[36mActiveRecord::InternalMetadata Load (0.4ms)[0m  [1m[34mSELECT "ar_internal_metadata".* FROM "ar_internal_metadata" WHERE "ar_internal_metadata"."key" = ? LIMIT ?[0m  [["key", "environment"], ["LIMIT", 1]]
  [1m[36mTRANSACTION (0.1ms)[0m  [1m[36mbegin transaction[0m
  [1m[36mActiveRecord::InternalMetadata Create (2.1ms)[0m  [1m[32mINSERT INTO "ar_internal_metadata" ("key", "value", "created_at", "updated_at") VALUES (?, ?, ?, ?)[0m  [["key", "environment"], ["value", "development"], ["created_at", "2021-09-09 08:22:19.785440"], ["updated_at", "2021-09-09 08:22:19.785440"]]
  [1m[36mTRANSACTION (4.9ms)[0m  [1m[36mcommit transaction[0m
  [1m[35m (0.3ms)[0m  [1m[34mSELECT sqlite_version(*)[0m
  [1m[35m (0.1ms)[0m  [1m[34mSELECT "schema_migrations"."version" FROM "schema_migrations" ORDER BY "schema_migrations"."version" ASC[0m
  [1m[35m (0.4ms)[0m  [1m[34mSELECT sqlite_version(*)[0m
  [1m[36mTRANSACTION (0.1ms)[0m  [1m[36mbegin transaction[0m
  [1m[36mUser Create (2.2ms)[0m  [1m[32mINSERT INTO "users" ("email", "name", "created_at", "updated_at") VALUES (?, ?, ?, ?)[0m  [["email", "@gmail.com"], ["name", "napat"], ["created_at", "2021-09-09 08:32:02.785540"], ["updated_at", "2021-09-09 08:32:02.785540"]]
  [1m[36mTRANSACTION (5.0ms)[0m  [1m[36mcommit transaction[0m
  [1m[35m (0.4ms)[0m  [1m[34mSELECT sqlite_version(*)[0m
  [1m[35m (0.4ms)[0m  [1m[34mSELECT sqlite_version(*)[0m
  [1m[35m (0.6ms)[0m  [1m[34mSELECT sqlite_version(*)[0m
  [1m[35m (0.4ms)[0m  [1m[34mSELECT "schema_migrations"."version" FROM "schema_migrations" ORDER BY "schema_migrations"."version" ASC[0m
Migrating to CreatePosts (20210909083053)
  [1m[36mTRANSACTION (0.1ms)[0m  [1m[36mbegin transaction[0m
  [1m[35m (3.1ms)[0m  [1m[35mCREATE TABLE "posts" ("id" integer PRIMARY KEY AUTOINCREMENT NOT NULL, "msg" varchar, "user_id" integer NOT NULL, "created_at" datetime(6) NOT NULL, "updated_at" datetime(6) NOT NULL, CONSTRAINT "fk_rails_5b5ddfd518"
FOREIGN KEY ("user_id")
  REFERENCES "users" ("id")
)[0m
  [1m[35m (0.3ms)[0m  [1m[35mCREATE INDEX "index_posts_on_user_id" ON "posts" ("user_id")[0m
  [1m[36mActiveRecord::SchemaMigration Create (1.9ms)[0m  [1m[32mINSERT INTO "schema_migrations" ("version") VALUES (?)[0m  [["version", "20210909083053"]]
  [1m[36mTRANSACTION (10.4ms)[0m  [1m[36mcommit transaction[0m
  [1m[36mActiveRecord::InternalMetadata Load (0.3ms)[0m  [1m[34mSELECT "ar_internal_metadata".* FROM "ar_internal_metadata" WHERE "ar_internal_metadata"."key" = ? LIMIT ?[0m  [["key", "environment"], ["LIMIT", 1]]
  [1m[35m (0.1ms)[0m  [1m[34mSELECT sqlite_version(*)[0m
  [1m[35m (0.8ms)[0m  [1m[34mSELECT "schema_migrations"."version" FROM "schema_migrations" ORDER BY "schema_migrations"."version" ASC[0m
  [1m[35m (0.8ms)[0m  [1m[34mSELECT sqlite_version(*)[0m
  [1m[36mTRANSACTION (0.1ms)[0m  [1m[36mbegin transaction[0m
  [1m[36mUser Load (0.2ms)[0m  [1m[34mSELECT "users".* FROM "users" WHERE "users"."id" = ? LIMIT ?[0m  [["id", 1], ["LIMIT", 1]]
  [1m[36mPost Create (4.3ms)[0m  [1m[32mINSERT INTO "posts" ("msg", "user_id", "created_at", "updated_at") VALUES (?, ?, ?, ?)[0m  [["msg", "hihi"], ["user_id", 1], ["created_at", "2021-09-09 08:44:25.324541"], ["updated_at", "2021-09-09 08:44:25.324541"]]
  [1m[36mTRANSACTION (6.4ms)[0m  [1m[36mcommit transaction[0m
  [1m[35m (1.7ms)[0m  [1m[34mSELECT sqlite_version(*)[0m
  [1m[36mUser Load (0.2ms)[0m  [1m[34mSELECT "users".* FROM "users" WHERE "users"."id" = ? LIMIT ?[0m  [["id", 1], ["LIMIT", 1]]
  [1m[36mPost Load (0.2ms)[0m  [1m[34mSELECT "posts".* FROM "posts" WHERE "posts"."user_id" = ?[0m  [["user_id", 1]]
Started GET "/" for 127.0.0.1 at 2021-09-09 16:15:05 +0700
  [1m[35m (0.9ms)[0m  [1m[34mSELECT sqlite_version(*)[0m
  [1m[35m (0.2ms)[0m  [1m[34mSELECT "schema_migrations"."version" FROM "schema_migrations" ORDER BY "schema_migrations"."version" ASC[0m
Processing by Rails::WelcomeController#index as HTML
  Rendering /home/napat/.rvm/gems/ruby-3.0.2/gems/railties-6.1.4.1/lib/rails/templates/rails/welcome/index.html.erb
  Rendered /home/napat/.rvm/gems/ruby-3.0.2/gems/railties-6.1.4.1/lib/rails/templates/rails/welcome/index.html.erb (Duration: 8.0ms | Allocations: 595)
Completed 200 OK in 25ms (Views: 13.3ms | ActiveRecord: 0.0ms | Allocations: 4746)


Started GET "/post/create" for 127.0.0.1 at 2021-09-09 16:26:49 +0700
Processing by MainController#posting as HTML
  Rendering layout layouts/application.html.erb
  Rendering main/posting.erb within layouts/application
  Rendered main/posting.erb within layouts/application (Duration: 0.4ms | Allocations: 141)
[Webpacker] Compiling...
[Webpacker] Compiled all packs in /home/napat/class3/public/packs
[Webpacker] Hash: e2a8a876c5815bee1e21
Version: webpack 4.46.0
Time: 3574ms
Built at: 09/09/2021 4:26:55 PM
                                     Asset       Size       Chunks                         Chunk Names
    js/application-e421b4aa3f716bebdab1.js    125 KiB  application  [emitted] [immutable]  application
js/application-e421b4aa3f716bebdab1.js.map    139 KiB  application  [emitted] [dev]        application
                             manifest.json  364 bytes               [emitted]              
Entrypoint application = js/application-e421b4aa3f716bebdab1.js js/application-e421b4aa3f716bebdab1.js.map
[./app/javascript/channels sync recursive _channel\.js$] ./app/javascript/channels sync _channel\.js$ 160 bytes {application} [built]
[./app/javascript/channels/index.js] 211 bytes {application} [built]
[./app/javascript/packs/application.js] 492 bytes {application} [built]
[./node_modules/webpack/buildin/module.js] (webpack)/buildin/module.js 552 bytes {application} [built]
    + 3 hidden modules

  Rendered layout layouts/application.html.erb (Duration: 6159.0ms | Allocations: 14645)
Completed 200 OK in 6168ms (Views: 6166.0ms | Allocations: 16095)


Started GET "/user/read" for 127.0.0.1 at 2021-09-09 16:29:53 +0700
Processing by MainController#reading as HTML
  Rendering layout layouts/application.html.erb
  Rendering main/reading.erb within layouts/application
  Rendered main/reading.erb within layouts/application (Duration: 0.5ms | Allocations: 140)
[Webpacker] Everything's up-to-date. Nothing to do
  Rendered layout layouts/application.html.erb (Duration: 8.1ms | Allocations: 3380)
Completed 200 OK in 20ms (Views: 18.7ms | Allocations: 4869)


Started GET "/post/create?msg=i%27m%20so%20tired&user_id=1111" for 127.0.0.1 at 2021-09-09 16:41:50 +0700
Processing by MainController#posting as HTML
  Parameters: {"msg"=>"i'm so tired", "user_id"=>"1111"}
  Rendering layout layouts/application.html.erb
  Rendering main/posting.erb within layouts/application
  Rendered main/posting.erb within layouts/application (Duration: 13.5ms | Allocations: 4865)
  Rendered layout layouts/application.html.erb (Duration: 14.1ms | Allocations: 4948)
Completed 500 Internal Server Error in 18ms (Allocations: 6401)


  
ActionView::Template::Error (undefined local variable or method `msg' for #<ActionView::Base:0x00000000009fb0>
Did you mean?  @msg):
    1: <h1>msg=<%msg%></h1>
    2: <p>post by <%uid%></p>
  
app/views/main/posting.erb:1
Started GET "/post/create?msg=hihihihi&user_id=1111" for 127.0.0.1 at 2021-09-09 16:42:44 +0700
Processing by MainController#posting as HTML
  Parameters: {"msg"=>"hihihihi", "user_id"=>"1111"}
  Rendering layout layouts/application.html.erb
  Rendering main/posting.erb within layouts/application
  Rendered main/posting.erb within layouts/application (Duration: 3.7ms | Allocations: 4020)
  Rendered layout layouts/application.html.erb (Duration: 11.3ms | Allocations: 4088)
Completed 500 Internal Server Error in 15ms (Allocations: 4586)


  
ActionView::Template::Error (undefined local variable or method `msg' for #<ActionView::Base:0x0000000000a410>
Did you mean?  @msg):
    1: <h1>msg=<%msg%></h1>
    2: <p>post by <%uid%></p>
  
app/views/main/posting.erb:1
Started GET "/post/create?msg=hihihihi&user_id=1111" for 127.0.0.1 at 2021-09-09 16:43:38 +0700
Processing by MainController#posting as HTML
  Parameters: {"msg"=>"hihihihi", "user_id"=>"1111"}
  Rendering layout layouts/application.html.erb
  Rendering main/posting.erb within layouts/application
  Rendered main/posting.erb within layouts/application (Duration: 0.5ms | Allocations: 169)
[Webpacker] Everything's up-to-date. Nothing to do
  Rendered layout layouts/application.html.erb (Duration: 23.4ms | Allocations: 3411)
Completed 200 OK in 29ms (Views: 27.4ms | Allocations: 4739)


Started GET "/post/create?msg=hihihihi&user_id=1111" for 127.0.0.1 at 2021-09-09 16:44:59 +0700
Processing by MainController#posting as HTML
  Parameters: {"msg"=>"hihihihi", "user_id"=>"1111"}
  Rendering layout layouts/application.html.erb
  Rendering main/posting.erb within layouts/application
  Rendered main/posting.erb within layouts/application (Duration: 0.8ms | Allocations: 167)
[Webpacker] Everything's up-to-date. Nothing to do
  Rendered layout layouts/application.html.erb (Duration: 20.0ms | Allocations: 3398)
Completed 200 OK in 24ms (Views: 23.2ms | Allocations: 4778)


Started GET "/post/create?msg=hihihihi&user_id=1111" for 127.0.0.1 at 2021-09-09 16:51:13 +0700
Processing by MainController#posting as HTML
  Parameters: {"msg"=>"hihihihi", "user_id"=>"1111"}
  Rendering layout layouts/application.html.erb
  Rendering main/posting.erb within layouts/application
  Rendered main/posting.erb within layouts/application (Duration: 0.5ms | Allocations: 58)
[Webpacker] Everything's up-to-date. Nothing to do
  Rendered layout layouts/application.html.erb (Duration: 18.3ms | Allocations: 3099)
Completed 200 OK in 22ms (Views: 20.8ms | Allocations: 3887)


Started GET "/post/create?msg=hihihihi&user_id=1111" for 127.0.0.1 at 2021-09-09 17:12:15 +0700
  [1m[35m (1.5ms)[0m  [1m[34mSELECT sqlite_version(*)[0m
  [1m[35m (0.3ms)[0m  [1m[34mSELECT "schema_migrations"."version" FROM "schema_migrations" ORDER BY "schema_migrations"."version" ASC[0m
Processing by MainController#posting as HTML
  Parameters: {"msg"=>"hihihihi", "user_id"=>"1111"}
  Rendering layout layouts/application.html.erb
  Rendering main/posting.erb within layouts/application
  Rendered main/posting.erb within layouts/application (Duration: 3.2ms | Allocations: 392)
[Webpacker] Everything's up-to-date. Nothing to do
  Rendered layout layouts/application.html.erb (Duration: 91.1ms | Allocations: 6042)
Completed 200 OK in 156ms (Views: 115.4ms | ActiveRecord: 0.0ms | Allocations: 9733)


Started GET "/post/create?msg=hihihihi&user_id=1" for 127.0.0.1 at 2021-09-09 17:13:12 +0700
Processing by MainController#posting as HTML
  Parameters: {"msg"=>"hihihihi", "user_id"=>"1"}
  Rendering layout layouts/application.html.erb
  Rendering main/posting.erb within layouts/application
  Rendered main/posting.erb within layouts/application (Duration: 0.2ms | Allocations: 44)
[Webpacker] Everything's up-to-date. Nothing to do
  Rendered layout layouts/application.html.erb (Duration: 14.7ms | Allocations: 3032)
Completed 200 OK in 18ms (Views: 17.2ms | ActiveRecord: 0.0ms | Allocations: 3598)


Started GET "/post/create?msg=hihihihi&user_id=1" for 127.0.0.1 at 2021-09-09 17:18:08 +0700
Processing by MainController#posting as HTML
  Parameters: {"msg"=>"hihihihi", "user_id"=>"1"}
  [1m[35m (0.5ms)[0m  [1m[34mSELECT sqlite_version(*)[0m
  ↳ app/controllers/main_controller.rb:5:in `posting'
  [1m[36mTRANSACTION (0.1ms)[0m  [1m[36mbegin transaction[0m
  ↳ app/controllers/main_controller.rb:5:in `posting'
  [1m[36mUser Load (0.3ms)[0m  [1m[34mSELECT "users".* FROM "users" WHERE "users"."id" = ? LIMIT ?[0m  [["id", 1], ["LIMIT", 1]]
  ↳ app/controllers/main_controller.rb:5:in `posting'
  [1m[36mPost Create (2.8ms)[0m  [1m[32mINSERT INTO "posts" ("msg", "user_id", "created_at", "updated_at") VALUES (?, ?, ?, ?)[0m  [["msg", "hihihihi"], ["user_id", 1], ["created_at", "2021-09-09 10:18:09.158798"], ["updated_at", "2021-09-09 10:18:09.158798"]]
  ↳ app/controllers/main_controller.rb:5:in `posting'
  [1m[36mTRANSACTION (7.1ms)[0m  [1m[36mcommit transaction[0m
  ↳ app/controllers/main_controller.rb:5:in `posting'
  Rendering layout layouts/application.html.erb
  Rendering main/posting.erb within layouts/application
  Rendered main/posting.erb within layouts/application (Duration: 0.2ms | Allocations: 61)
[Webpacker] Everything's up-to-date. Nothing to do
  Rendered layout layouts/application.html.erb (Duration: 9.3ms | Allocations: 3071)
Completed 200 OK in 167ms (Views: 16.2ms | ActiveRecord: 19.8ms | Allocations: 21553)


Started GET "/post/create?msg=hihihihi&user_id=2" for 127.0.0.1 at 2021-09-09 17:18:30 +0700
Processing by MainController#posting as HTML
  Parameters: {"msg"=>"hihihihi", "user_id"=>"2"}
  [1m[36mTRANSACTION (0.1ms)[0m  [1m[36mbegin transaction[0m
  ↳ app/controllers/main_controller.rb:5:in `posting'
  [1m[36mUser Load (0.2ms)[0m  [1m[34mSELECT "users".* FROM "users" WHERE "users"."id" = ? LIMIT ?[0m  [["id", 2], ["LIMIT", 1]]
  ↳ app/controllers/main_controller.rb:5:in `posting'
  [1m[36mTRANSACTION (0.1ms)[0m  [1m[31mrollback transaction[0m
  ↳ app/controllers/main_controller.rb:5:in `posting'
  Rendering layout layouts/application.html.erb
  Rendering main/posting.erb within layouts/application
  Rendered main/posting.erb within layouts/application (Duration: 0.1ms | Allocations: 38)
[Webpacker] Everything's up-to-date. Nothing to do
  Rendered layout layouts/application.html.erb (Duration: 15.5ms | Allocations: 2800)
Completed 200 OK in 37ms (Views: 18.5ms | ActiveRecord: 0.4ms | Allocations: 6243)


Started GET "/post/create?msg=hihihihi&user_id=1" for 127.0.0.1 at 2021-09-09 17:19:00 +0700
Processing by MainController#posting as HTML
  Parameters: {"msg"=>"hihihihi", "user_id"=>"1"}
  [1m[36mTRANSACTION (0.1ms)[0m  [1m[36mbegin transaction[0m
  ↳ app/controllers/main_controller.rb:5:in `posting'
  [1m[36mUser Load (0.1ms)[0m  [1m[34mSELECT "users".* FROM "users" WHERE "users"."id" = ? LIMIT ?[0m  [["id", 1], ["LIMIT", 1]]
  ↳ app/controllers/main_controller.rb:5:in `posting'
  [1m[36mPost Create (0.5ms)[0m  [1m[32mINSERT INTO "posts" ("msg", "user_id", "created_at", "updated_at") VALUES (?, ?, ?, ?)[0m  [["msg", "hihihihi"], ["user_id", 1], ["created_at", "2021-09-09 10:19:00.363348"], ["updated_at", "2021-09-09 10:19:00.363348"]]
  ↳ app/controllers/main_controller.rb:5:in `posting'
  [1m[36mTRANSACTION (12.8ms)[0m  [1m[36mcommit transaction[0m
  ↳ app/controllers/main_controller.rb:5:in `posting'
  Rendering layout layouts/application.html.erb
  Rendering main/posting.erb within layouts/application
  Rendered main/posting.erb within layouts/application (Duration: 0.2ms | Allocations: 38)
[Webpacker] Everything's up-to-date. Nothing to do
  Rendered layout layouts/application.html.erb (Duration: 26.4ms | Allocations: 2862)
Completed 200 OK in 80ms (Views: 29.5ms | ActiveRecord: 13.5ms | Allocations: 8493)


Started GET "/post/create?msg=kkkkkk&user_id=1" for 127.0.0.1 at 2021-09-09 17:19:09 +0700
Processing by MainController#posting as HTML
  Parameters: {"msg"=>"kkkkkk", "user_id"=>"1"}
  [1m[36mTRANSACTION (0.1ms)[0m  [1m[36mbegin transaction[0m
  ↳ app/controllers/main_controller.rb:5:in `posting'
  [1m[36mUser Load (0.2ms)[0m  [1m[34mSELECT "users".* FROM "users" WHERE "users"."id" = ? LIMIT ?[0m  [["id", 1], ["LIMIT", 1]]
  ↳ app/controllers/main_controller.rb:5:in `posting'
  [1m[36mPost Create (0.4ms)[0m  [1m[32mINSERT INTO "posts" ("msg", "user_id", "created_at", "updated_at") VALUES (?, ?, ?, ?)[0m  [["msg", "kkkkkk"], ["user_id", 1], ["created_at", "2021-09-09 10:19:09.950044"], ["updated_at", "2021-09-09 10:19:09.950044"]]
  ↳ app/controllers/main_controller.rb:5:in `posting'
  [1m[36mTRANSACTION (3.0ms)[0m  [1m[36mcommit transaction[0m
  ↳ app/controllers/main_controller.rb:5:in `posting'
  Rendering layout layouts/application.html.erb
  Rendering main/posting.erb within layouts/application
  Rendered main/posting.erb within layouts/application (Duration: 0.2ms | Allocations: 38)
[Webpacker] Everything's up-to-date. Nothing to do
  Rendered layout layouts/application.html.erb (Duration: 5.1ms | Allocations: 2862)
Completed 200 OK in 41ms (Views: 14.0ms | ActiveRecord: 3.7ms | Allocations: 8415)


Started GET "/user/read?user_id=1" for 127.0.0.1 at 2021-09-09 17:27:39 +0700
Processing by MainController#reading as HTML
  Parameters: {"user_id"=>"1"}
  [1m[35m (0.1ms)[0m  [1m[34mSELECT sqlite_version(*)[0m
  ↳ app/controllers/main_controller.rb:9:in `reading'
  [1m[36mUser Load (0.2ms)[0m  [1m[34mSELECT "users".* FROM "users" WHERE "users"."id" = ? LIMIT ?[0m  [["id", 1], ["LIMIT", 1]]
  ↳ app/controllers/main_controller.rb:9:in `reading'
  Rendering layout layouts/application.html.erb
  Rendering main/reading.erb within layouts/application
  Rendered main/reading.erb within layouts/application (Duration: 0.9ms | Allocations: 161)
[Webpacker] Everything's up-to-date. Nothing to do
  Rendered layout layouts/application.html.erb (Duration: 21.4ms | Allocations: 3335)
Completed 200 OK in 81ms (Views: 30.1ms | ActiveRecord: 0.6ms | Allocations: 11394)


Started GET "/user/read?user_id=1" for 127.0.0.1 at 2021-09-09 17:30:53 +0700
Processing by MainController#reading as HTML
  Parameters: {"user_id"=>"1"}
  [1m[36mUser Load (0.1ms)[0m  [1m[34mSELECT "users".* FROM "users" WHERE "users"."id" = ? LIMIT ?[0m  [["id", 1], ["LIMIT", 1]]
  ↳ app/controllers/main_controller.rb:9:in `reading'
  Rendering layout layouts/application.html.erb
  Rendering main/reading.erb within layouts/application
  Rendered main/reading.erb within layouts/application (Duration: 23.5ms | Allocations: 3605)
  Rendered layout layouts/application.html.erb (Duration: 28.5ms | Allocations: 3689)
Completed 500 Internal Server Error in 44ms (ActiveRecord: 0.1ms | Allocations: 5679)


  
ActionView::SyntaxErrorInTemplate (Encountered a syntax error while rendering template: check <h1><%= @uid2 %> posting...</h1>
<p> <% for i in @x do %> 
	msg = <% =i %>

<% end %>
</p>

):
1:    <h1><%= @uid2 %> posting...</h1>
2:    <p> <% for i in @x do %> 
3:    	msg = <% =i %>
4:    
5:    <% end %>
6:    </p>
  
app/views/main/reading.erb:3: syntax error, unexpected '=', expecting `end'
app/views/main/reading.erb:3: syntax error, unexpected '=', expecting `end'
app/views/main/reading.erb:3: syntax error, unexpected '=', expecting `end'
app/views/main/reading.erb:3: syntax error, unexpected '=', expecting `end'
app/views/main/reading.erb:3: syntax error, unexpected '=', expecting `end'
app/views/main/reading.erb:3: syntax error, unexpected '=', expecting `end'
Started GET "/user/read?user_id=1" for 127.0.0.1 at 2021-09-09 17:31:12 +0700
Processing by MainController#reading as HTML
  Parameters: {"user_id"=>"1"}
  [1m[36mUser Load (0.5ms)[0m  [1m[34mSELECT "users".* FROM "users" WHERE "users"."id" = ? LIMIT ?[0m  [["id", 1], ["LIMIT", 1]]
  ↳ app/controllers/main_controller.rb:9:in `reading'
  Rendering layout layouts/application.html.erb
  Rendering main/reading.erb within layouts/application
  Rendered main/reading.erb within layouts/application (Duration: 4.9ms | Allocations: 1181)
  Rendered layout layouts/application.html.erb (Duration: 9.0ms | Allocations: 1256)
Completed 500 Internal Server Error in 28ms (ActiveRecord: 0.5ms | Allocations: 3244)


  
ActionView::SyntaxErrorInTemplate (Encountered a syntax error while rendering template: check <h1><%= @uid2 %> posting...</h1>
<p> <% for i in @x do %> 
	msg = <% =i.msg %>

<% end %>
</p>

):
1:    <h1><%= @uid2 %> posting...</h1>
2:    <p> <% for i in @x do %> 
3:    	msg = <% =i.msg %>
4:    
5:    <% end %>
6:    </p>
  
app/views/main/reading.erb:3: syntax error, unexpected '=', expecting `end'
app/views/main/reading.erb:3: syntax error, unexpected '=', expecting `end'
app/views/main/reading.erb:3: syntax error, unexpected '=', expecting `end'
app/views/main/reading.erb:3: syntax error, unexpected '=', expecting `end'
app/views/main/reading.erb:3: syntax error, unexpected '=', expecting `end'
app/views/main/reading.erb:3: syntax error, unexpected '=', expecting `end'
Started GET "/user/read?user_id=1" for 127.0.0.1 at 2021-09-09 17:31:27 +0700
Processing by MainController#reading as HTML
  Parameters: {"user_id"=>"1"}
  [1m[36mUser Load (0.2ms)[0m  [1m[34mSELECT "users".* FROM "users" WHERE "users"."id" = ? LIMIT ?[0m  [["id", 1], ["LIMIT", 1]]
  ↳ app/controllers/main_controller.rb:9:in `reading'
  Rendering layout layouts/application.html.erb
  Rendering main/reading.erb within layouts/application
  [1m[36mPost Load (6.0ms)[0m  [1m[34mSELECT "posts".* FROM "posts" WHERE "posts"."user_id" = ?[0m  [["user_id", 1]]
  ↳ app/views/main/reading.erb:2
  Rendered main/reading.erb within layouts/application (Duration: 29.2ms | Allocations: 4216)
[Webpacker] Everything's up-to-date. Nothing to do
  Rendered layout layouts/application.html.erb (Duration: 61.0ms | Allocations: 7353)
Completed 200 OK in 77ms (Views: 64.2ms | ActiveRecord: 6.2ms | Allocations: 9369)


Started GET "/user/read?user_id=1" for 127.0.0.1 at 2021-09-09 17:32:04 +0700
Processing by MainController#reading as HTML
  Parameters: {"user_id"=>"1"}
  [1m[36mUser Load (1.8ms)[0m  [1m[34mSELECT "users".* FROM "users" WHERE "users"."id" = ? LIMIT ?[0m  [["id", 1], ["LIMIT", 1]]
  ↳ app/controllers/main_controller.rb:9:in `reading'
  Rendering layout layouts/application.html.erb
  Rendering main/reading.erb within layouts/application
  [1m[36mPost Load (0.2ms)[0m  [1m[34mSELECT "posts".* FROM "posts" WHERE "posts"."user_id" = ?[0m  [["user_id", 1]]
  ↳ app/views/main/reading.erb:2
  Rendered main/reading.erb within layouts/application (Duration: 9.3ms | Allocations: 1141)
[Webpacker] Everything's up-to-date. Nothing to do
  Rendered layout layouts/application.html.erb (Duration: 22.7ms | Allocations: 4367)
Completed 200 OK in 40ms (Views: 33.7ms | ActiveRecord: 2.0ms | Allocations: 6311)


